<?xml version="1.0" encoding="UTF-8"?>
<testsuite xmlns:xsi="http://www.w3.org/2001/XMLSchema-instance" xsi:noNamespaceSchemaLocation="https://maven.apache.org/surefire/maven-surefire-plugin/xsd/surefire-test-report.xsd" name="com.example.SimpleStrategyTest" time="13.449" tests="1" errors="0" skipped="0" failures="0">
  <properties>
    <property name="java.specification.version" value="17"/>
    <property name="sun.jnu.encoding" value="UTF-8"/>
    <property name="java.class.path" value="/workspaces/codespaces-blank_wasteproject/my-bot/target/test-classes:/workspaces/codespaces-blank_wasteproject/my-bot/target/classes:/home/vscode/.m2/repository/org/springframework/boot/spring-boot-starter/2.6.6/spring-boot-starter-2.6.6.jar:/home/vscode/.m2/repository/org/springframework/boot/spring-boot/2.6.6/spring-boot-2.6.6.jar:/home/vscode/.m2/repository/org/springframework/spring-context/5.3.18/spring-context-5.3.18.jar:/home/vscode/.m2/repository/org/springframework/spring-aop/5.3.18/spring-aop-5.3.18.jar:/home/vscode/.m2/repository/org/springframework/spring-beans/5.3.18/spring-beans-5.3.18.jar:/home/vscode/.m2/repository/org/springframework/spring-expression/5.3.18/spring-expression-5.3.18.jar:/home/vscode/.m2/repository/org/springframework/boot/spring-boot-autoconfigure/2.6.6/spring-boot-autoconfigure-2.6.6.jar:/home/vscode/.m2/repository/org/springframework/boot/spring-boot-starter-logging/2.6.6/spring-boot-starter-logging-2.6.6.jar:/home/vscode/.m2/repository/ch/qos/logback/logback-classic/1.2.11/logback-classic-1.2.11.jar:/home/vscode/.m2/repository/ch/qos/logback/logback-core/1.2.11/logback-core-1.2.11.jar:/home/vscode/.m2/repository/org/apache/logging/log4j/log4j-to-slf4j/2.17.2/log4j-to-slf4j-2.17.2.jar:/home/vscode/.m2/repository/org/apache/logging/log4j/log4j-api/2.17.2/log4j-api-2.17.2.jar:/home/vscode/.m2/repository/org/slf4j/jul-to-slf4j/1.7.36/jul-to-slf4j-1.7.36.jar:/home/vscode/.m2/repository/jakarta/annotation/jakarta.annotation-api/1.3.5/jakarta.annotation-api-1.3.5.jar:/home/vscode/.m2/repository/org/springframework/spring-core/5.3.18/spring-core-5.3.18.jar:/home/vscode/.m2/repository/org/springframework/spring-jcl/5.3.18/spring-jcl-5.3.18.jar:/home/vscode/.m2/repository/org/yaml/snakeyaml/1.29/snakeyaml-1.29.jar:/home/vscode/.m2/repository/org/hsqldb/hsqldb/2.6.1/hsqldb-2.6.1.jar:/home/vscode/.m2/repository/tech/cassandre/trading/bot/cassandre-trading-bot-spring-boot-starter/6.0.0/cassandre-trading-bot-spring-boot-starter-6.0.0.jar:/home/vscode/.m2/repository/tech/cassandre/trading/bot/cassandre-trading-bot-spring-boot-autoconfigure/6.0.0/cassandre-trading-bot-spring-boot-autoconfigure-6.0.0.jar:/home/vscode/.m2/repository/org/springframework/boot/spring-boot-starter-validation/2.6.6/spring-boot-starter-validation-2.6.6.jar:/home/vscode/.m2/repository/org/apache/tomcat/embed/tomcat-embed-el/9.0.60/tomcat-embed-el-9.0.60.jar:/home/vscode/.m2/repository/org/hibernate/validator/hibernate-validator/6.2.3.Final/hibernate-validator-6.2.3.Final.jar:/home/vscode/.m2/repository/jakarta/validation/jakarta.validation-api/2.0.2/jakarta.validation-api-2.0.2.jar:/home/vscode/.m2/repository/org/jboss/logging/jboss-logging/3.4.1.Final/jboss-logging-3.4.1.Final.jar:/home/vscode/.m2/repository/com/fasterxml/classmate/1.5.1/classmate-1.5.1.jar:/home/vscode/.m2/repository/io/projectreactor/reactor-core/3.3.22.RELEASE/reactor-core-3.3.22.RELEASE.jar:/home/vscode/.m2/repository/org/reactivestreams/reactive-streams/1.0.3/reactive-streams-1.0.3.jar:/home/vscode/.m2/repository/org/springframework/boot/spring-boot-starter-aop/2.6.6/spring-boot-starter-aop-2.6.6.jar:/home/vscode/.m2/repository/org/aspectj/aspectjweaver/1.9.7/aspectjweaver-1.9.7.jar:/home/vscode/.m2/repository/org/springframework/boot/spring-boot-starter-data-jpa/2.6.6/spring-boot-starter-data-jpa-2.6.6.jar:/home/vscode/.m2/repository/org/springframework/boot/spring-boot-starter-jdbc/2.6.6/spring-boot-starter-jdbc-2.6.6.jar:/home/vscode/.m2/repository/com/zaxxer/HikariCP/4.0.3/HikariCP-4.0.3.jar:/home/vscode/.m2/repository/org/springframework/spring-jdbc/5.3.18/spring-jdbc-5.3.18.jar:/home/vscode/.m2/repository/jakarta/transaction/jakarta.transaction-api/1.3.3/jakarta.transaction-api-1.3.3.jar:/home/vscode/.m2/repository/jakarta/persistence/jakarta.persistence-api/2.2.3/jakarta.persistence-api-2.2.3.jar:/home/vscode/.m2/repository/org/hibernate/hibernate-core/5.6.7.Final/hibernate-core-5.6.7.Final.jar:/home/vscode/.m2/repository/antlr/antlr/2.7.7/antlr-2.7.7.jar:/home/vscode/.m2/repository/org/jboss/jandex/2.4.2.Final/jandex-2.4.2.Final.jar:/home/vscode/.m2/repository/org/hibernate/common/hibernate-commons-annotations/5.1.2.Final/hibernate-commons-annotations-5.1.2.Final.jar:/home/vscode/.m2/repository/org/glassfish/jaxb/jaxb-runtime/2.3.1/jaxb-runtime-2.3.1.jar:/home/vscode/.m2/repository/org/glassfish/jaxb/txw2/2.3.1/txw2-2.3.1.jar:/home/vscode/.m2/repository/com/sun/istack/istack-commons-runtime/3.0.7/istack-commons-runtime-3.0.7.jar:/home/vscode/.m2/repository/org/jvnet/staxex/stax-ex/1.8/stax-ex-1.8.jar:/home/vscode/.m2/repository/com/sun/xml/fastinfoset/FastInfoset/1.2.15/FastInfoset-1.2.15.jar:/home/vscode/.m2/repository/org/springframework/data/spring-data-jpa/2.6.3/spring-data-jpa-2.6.3.jar:/home/vscode/.m2/repository/org/springframework/data/spring-data-commons/2.6.3/spring-data-commons-2.6.3.jar:/home/vscode/.m2/repository/org/springframework/spring-orm/5.3.17/spring-orm-5.3.17.jar:/home/vscode/.m2/repository/org/springframework/spring-tx/5.3.17/spring-tx-5.3.17.jar:/home/vscode/.m2/repository/org/springframework/spring-aspects/5.3.18/spring-aspects-5.3.18.jar:/home/vscode/.m2/repository/org/liquibase/liquibase-core/4.9.1/liquibase-core-4.9.1.jar:/home/vscode/.m2/repository/javax/xml/bind/jaxb-api/2.3.0/jaxb-api-2.3.0.jar:/home/vscode/.m2/repository/com/github/vladimir-bukhtoyarov/bucket4j-core/7.4.0/bucket4j-core-7.4.0.jar:/home/vscode/.m2/repository/org/mapstruct/mapstruct/1.4.2.Final/mapstruct-1.4.2.Final.jar:/home/vscode/.m2/repository/com/fasterxml/jackson/dataformat/jackson-dataformat-xml/2.12.6/jackson-dataformat-xml-2.12.6.jar:/home/vscode/.m2/repository/com/fasterxml/jackson/core/jackson-core/2.12.6/jackson-core-2.12.6.jar:/home/vscode/.m2/repository/com/fasterxml/jackson/core/jackson-annotations/2.12.6/jackson-annotations-2.12.6.jar:/home/vscode/.m2/repository/com/fasterxml/jackson/core/jackson-databind/2.12.6/jackson-databind-2.12.6.jar:/home/vscode/.m2/repository/com/fasterxml/jackson/module/jackson-module-jaxb-annotations/2.12.6/jackson-module-jaxb-annotations-2.12.6.jar:/home/vscode/.m2/repository/org/codehaus/woodstox/stax2-api/4.2.1/stax2-api-4.2.1.jar:/home/vscode/.m2/repository/com/fasterxml/woodstox/woodstox-core/6.2.4/woodstox-core-6.2.4.jar:/home/vscode/.m2/repository/com/opencsv/opencsv/5.6/opencsv-5.6.jar:/home/vscode/.m2/repository/org/apache/commons/commons-text/1.9/commons-text-1.9.jar:/home/vscode/.m2/repository/commons-beanutils/commons-beanutils/1.9.4/commons-beanutils-1.9.4.jar:/home/vscode/.m2/repository/commons-logging/commons-logging/1.2/commons-logging-1.2.jar:/home/vscode/.m2/repository/commons-collections/commons-collections/3.2.2/commons-collections-3.2.2.jar:/home/vscode/.m2/repository/org/apache/commons/commons-collections4/4.4/commons-collections4-4.4.jar:/home/vscode/.m2/repository/org/knowm/xchange/xchange-kucoin/5.0.13/xchange-kucoin-5.0.13.jar:/home/vscode/.m2/repository/org/knowm/xchange/xchange-core/5.0.13/xchange-core-5.0.13.jar:/home/vscode/.m2/repository/com/github/mmazi/rescu/2.1.0/rescu-2.1.0.jar:/home/vscode/.m2/repository/jakarta/ws/rs/jakarta.ws.rs-api/2.1.5/jakarta.ws.rs-api-2.1.5.jar:/home/vscode/.m2/repository/oauth/signpost/signpost-core/1.2.1.2/signpost-core-1.2.1.2.jar:/home/vscode/.m2/repository/org/apache/commons/commons-lang3/3.12.0/commons-lang3-3.12.0.jar:/home/vscode/.m2/repository/io/github/resilience4j/resilience4j-all/1.7.0/resilience4j-all-1.7.0.jar:/home/vscode/.m2/repository/io/vavr/vavr/0.10.2/vavr-0.10.2.jar:/home/vscode/.m2/repository/io/vavr/vavr-match/0.10.2/vavr-match-0.10.2.jar:/home/vscode/.m2/repository/io/github/resilience4j/resilience4j-ratelimiter/1.7.0/resilience4j-ratelimiter-1.7.0.jar:/home/vscode/.m2/repository/io/github/resilience4j/resilience4j-core/1.7.0/resilience4j-core-1.7.0.jar:/home/vscode/.m2/repository/io/github/resilience4j/resilience4j-circuitbreaker/1.7.0/resilience4j-circuitbreaker-1.7.0.jar:/home/vscode/.m2/repository/io/github/resilience4j/resilience4j-bulkhead/1.7.0/resilience4j-bulkhead-1.7.0.jar:/home/vscode/.m2/repository/io/github/resilience4j/resilience4j-retry/1.7.0/resilience4j-retry-1.7.0.jar:/home/vscode/.m2/repository/io/github/resilience4j/resilience4j-cache/1.7.0/resilience4j-cache-1.7.0.jar:/home/vscode/.m2/repository/javax/cache/cache-api/1.1.0/cache-api-1.1.0.jar:/home/vscode/.m2/repository/io/github/resilience4j/resilience4j-timelimiter/1.7.0/resilience4j-timelimiter-1.7.0.jar:/home/vscode/.m2/repository/com/google/guava/guava/31.0.1-jre/guava-31.0.1-jre.jar:/home/vscode/.m2/repository/com/google/guava/failureaccess/1.0.1/failureaccess-1.0.1.jar:/home/vscode/.m2/repository/com/google/guava/listenablefuture/9999.0-empty-to-avoid-conflict-with-guava/listenablefuture-9999.0-empty-to-avoid-conflict-with-guava.jar:/home/vscode/.m2/repository/com/google/code/findbugs/jsr305/3.0.2/jsr305-3.0.2.jar:/home/vscode/.m2/repository/org/checkerframework/checker-qual/3.12.0/checker-qual-3.12.0.jar:/home/vscode/.m2/repository/com/google/errorprone/error_prone_annotations/2.7.1/error_prone_annotations-2.7.1.jar:/home/vscode/.m2/repository/com/google/j2objc/j2objc-annotations/1.3/j2objc-annotations-1.3.jar:/home/vscode/.m2/repository/org/slf4j/slf4j-api/1.7.33/slf4j-api-1.7.33.jar:/home/vscode/.m2/repository/javax/annotation/javax.annotation-api/1.3.2/javax.annotation-api-1.3.2.jar:/home/vscode/.m2/repository/org/knowm/xchange/xchange-simulated/5.0.13/xchange-simulated-5.0.13.jar:/home/vscode/.m2/repository/tech/cassandre/trading/bot/cassandre-trading-bot-spring-boot-starter-api-graphql/6.0.0/cassandre-trading-bot-spring-boot-starter-api-graphql-6.0.0.jar:/home/vscode/.m2/repository/tech/cassandre/trading/bot/cassandre-trading-bot-spring-boot-starter-api-graphql-autoconfigure/6.0.0/cassandre-trading-bot-spring-boot-starter-api-graphql-autoconfigure-6.0.0.jar:/home/vscode/.m2/repository/org/springframework/boot/spring-boot-starter-security/2.6.6/spring-boot-starter-security-2.6.6.jar:/home/vscode/.m2/repository/org/springframework/security/spring-security-config/5.6.2/spring-security-config-5.6.2.jar:/home/vscode/.m2/repository/org/springframework/security/spring-security-core/5.6.2/spring-security-core-5.6.2.jar:/home/vscode/.m2/repository/org/springframework/security/spring-security-crypto/5.6.2/spring-security-crypto-5.6.2.jar:/home/vscode/.m2/repository/org/springframework/security/spring-security-web/5.6.2/spring-security-web-5.6.2.jar:/home/vscode/.m2/repository/org/springframework/boot/spring-boot-starter-web/2.6.6/spring-boot-starter-web-2.6.6.jar:/home/vscode/.m2/repository/org/springframework/boot/spring-boot-starter-json/2.6.6/spring-boot-starter-json-2.6.6.jar:/home/vscode/.m2/repository/org/springframework/boot/spring-boot-starter-tomcat/2.6.6/spring-boot-starter-tomcat-2.6.6.jar:/home/vscode/.m2/repository/org/apache/tomcat/embed/tomcat-embed-core/9.0.60/tomcat-embed-core-9.0.60.jar:/home/vscode/.m2/repository/org/apache/tomcat/embed/tomcat-embed-websocket/9.0.60/tomcat-embed-websocket-9.0.60.jar:/home/vscode/.m2/repository/org/springframework/spring-web/5.3.18/spring-web-5.3.18.jar:/home/vscode/.m2/repository/org/springframework/spring-webmvc/5.3.18/spring-webmvc-5.3.18.jar:/home/vscode/.m2/repository/com/netflix/graphql/dgs/graphql-dgs-spring-boot-starter/4.9.25/graphql-dgs-spring-boot-starter-4.9.25.jar:/home/vscode/.m2/repository/com/netflix/graphql/dgs/graphql-dgs-spring-boot-oss-autoconfigure/4.9.25/graphql-dgs-spring-boot-oss-autoconfigure-4.9.25.jar:/home/vscode/.m2/repository/com/netflix/graphql/dgs/graphql-dgs-spring-webmvc/4.9.25/graphql-dgs-spring-webmvc-4.9.25.jar:/home/vscode/.m2/repository/com/netflix/graphql/dgs/graphql-dgs-spring-webmvc-autoconfigure/4.9.25/graphql-dgs-spring-webmvc-autoconfigure-4.9.25.jar:/home/vscode/.m2/repository/jakarta/servlet/jakarta.servlet-api/4.0.4/jakarta.servlet-api-4.0.4.jar:/home/vscode/.m2/repository/com/netflix/graphql/dgs/graphql-error-types/4.9.25/graphql-error-types-4.9.25.jar:/home/vscode/.m2/repository/org/jetbrains/kotlin/kotlin-stdlib-jdk8/1.5.32/kotlin-stdlib-jdk8-1.5.32.jar:/home/vscode/.m2/repository/org/jetbrains/kotlin/kotlin-stdlib/1.5.32/kotlin-stdlib-1.5.32.jar:/home/vscode/.m2/repository/org/jetbrains/annotations/13.0/annotations-13.0.jar:/home/vscode/.m2/repository/org/jetbrains/kotlin/kotlin-stdlib-common/1.5.32/kotlin-stdlib-common-1.5.32.jar:/home/vscode/.m2/repository/org/jetbrains/kotlin/kotlin-stdlib-jdk7/1.5.32/kotlin-stdlib-jdk7-1.5.32.jar:/home/vscode/.m2/repository/org/springframework/boot/spring-boot-starter-websocket/2.3.12.RELEASE/spring-boot-starter-websocket-2.3.12.RELEASE.jar:/home/vscode/.m2/repository/org/springframework/spring-messaging/5.2.15.RELEASE/spring-messaging-5.2.15.RELEASE.jar:/home/vscode/.m2/repository/org/springframework/spring-websocket/5.2.15.RELEASE/spring-websocket-5.2.15.RELEASE.jar:/home/vscode/.m2/repository/com/netflix/graphql/dgs/graphql-dgs-client/4.9.25/graphql-dgs-client-4.9.25.jar:/home/vscode/.m2/repository/com/netflix/graphql/dgs/graphql-dgs-subscription-types/4.9.25/graphql-dgs-subscription-types-4.9.25.jar:/home/vscode/.m2/repository/org/springframework/spring-webflux/5.2.18.RELEASE/spring-webflux-5.2.18.RELEASE.jar:/home/vscode/.m2/repository/com/fasterxml/jackson/module/jackson-module-kotlin/2.12.5/jackson-module-kotlin-2.12.5.jar:/home/vscode/.m2/repository/org/jetbrains/kotlin/kotlin-reflect/1.4.21/kotlin-reflect-1.4.21.jar:/home/vscode/.m2/repository/com/fasterxml/jackson/datatype/jackson-datatype-jsr310/2.12.5/jackson-datatype-jsr310-2.12.5.jar:/home/vscode/.m2/repository/com/fasterxml/jackson/module/jackson-module-parameter-names/2.12.5/jackson-module-parameter-names-2.12.5.jar:/home/vscode/.m2/repository/com/fasterxml/jackson/datatype/jackson-datatype-jdk8/2.12.5/jackson-datatype-jdk8-2.12.5.jar:/home/vscode/.m2/repository/com/graphql-java/graphql-java/17.3/graphql-java-17.3.jar:/home/vscode/.m2/repository/com/graphql-java/java-dataloader/3.1.0/java-dataloader-3.1.0.jar:/home/vscode/.m2/repository/org/antlr/antlr4-runtime/4.9.2/antlr4-runtime-4.9.2.jar:/home/vscode/.m2/repository/com/netflix/graphql/dgs/graphql-dgs-mocking/4.9.25/graphql-dgs-mocking-4.9.25.jar:/home/vscode/.m2/repository/com/github/javafaker/javafaker/1.0.2/javafaker-1.0.2.jar:/home/vscode/.m2/repository/com/github/mifmif/generex/1.0.2/generex-1.0.2.jar:/home/vscode/.m2/repository/dk/brics/automaton/automaton/1.11-8/automaton-1.11-8.jar:/home/vscode/.m2/repository/com/apollographql/federation/federation-graphql-java-support/0.7.0/federation-graphql-java-support-0.7.0.jar:/home/vscode/.m2/repository/com/apollographql/federation/federation-graphql-java-support-api/0.7.0/federation-graphql-java-support-api-0.7.0.jar:/home/vscode/.m2/repository/com/google/protobuf/protobuf-java/3.9.0/protobuf-java-3.9.0.jar:/home/vscode/.m2/repository/com/netflix/graphql/dgs/graphql-dgs-extended-scalars/4.9.25/graphql-dgs-extended-scalars-4.9.25.jar:/home/vscode/.m2/repository/com/netflix/graphql/dgs/graphql-dgs/4.9.25/graphql-dgs-4.9.25.jar:/home/vscode/.m2/repository/org/jetbrains/kotlinx/kotlinx-coroutines-core/1.3.8/kotlinx-coroutines-core-1.3.8.jar:/home/vscode/.m2/repository/org/jetbrains/kotlinx/kotlinx-coroutines-jdk8/1.3.8/kotlinx-coroutines-jdk8-1.3.8.jar:/home/vscode/.m2/repository/com/graphql-java/graphql-java-extended-scalars/17.0/graphql-java-extended-scalars-17.0.jar:/home/vscode/.m2/repository/org/springframework/boot/spring-boot-starter-test/2.6.6/spring-boot-starter-test-2.6.6.jar:/home/vscode/.m2/repository/org/springframework/boot/spring-boot-test/2.6.6/spring-boot-test-2.6.6.jar:/home/vscode/.m2/repository/org/springframework/boot/spring-boot-test-autoconfigure/2.6.6/spring-boot-test-autoconfigure-2.6.6.jar:/home/vscode/.m2/repository/com/jayway/jsonpath/json-path/2.6.0/json-path-2.6.0.jar:/home/vscode/.m2/repository/net/minidev/json-smart/2.4.7/json-smart-2.4.7.jar:/home/vscode/.m2/repository/net/minidev/accessors-smart/2.4.7/accessors-smart-2.4.7.jar:/home/vscode/.m2/repository/org/ow2/asm/asm/9.1/asm-9.1.jar:/home/vscode/.m2/repository/jakarta/xml/bind/jakarta.xml.bind-api/2.3.3/jakarta.xml.bind-api-2.3.3.jar:/home/vscode/.m2/repository/jakarta/activation/jakarta.activation-api/1.2.2/jakarta.activation-api-1.2.2.jar:/home/vscode/.m2/repository/org/assertj/assertj-core/3.21.0/assertj-core-3.21.0.jar:/home/vscode/.m2/repository/org/hamcrest/hamcrest/2.2/hamcrest-2.2.jar:/home/vscode/.m2/repository/org/junit/jupiter/junit-jupiter/5.8.2/junit-jupiter-5.8.2.jar:/home/vscode/.m2/repository/org/junit/jupiter/junit-jupiter-api/5.8.2/junit-jupiter-api-5.8.2.jar:/home/vscode/.m2/repository/org/opentest4j/opentest4j/1.2.0/opentest4j-1.2.0.jar:/home/vscode/.m2/repository/org/junit/platform/junit-platform-commons/1.8.2/junit-platform-commons-1.8.2.jar:/home/vscode/.m2/repository/org/apiguardian/apiguardian-api/1.1.2/apiguardian-api-1.1.2.jar:/home/vscode/.m2/repository/org/junit/jupiter/junit-jupiter-params/5.8.2/junit-jupiter-params-5.8.2.jar:/home/vscode/.m2/repository/org/junit/jupiter/junit-jupiter-engine/5.8.2/junit-jupiter-engine-5.8.2.jar:/home/vscode/.m2/repository/org/junit/platform/junit-platform-engine/1.8.2/junit-platform-engine-1.8.2.jar:/home/vscode/.m2/repository/org/mockito/mockito-core/4.0.0/mockito-core-4.0.0.jar:/home/vscode/.m2/repository/net/bytebuddy/byte-buddy/1.11.19/byte-buddy-1.11.19.jar:/home/vscode/.m2/repository/net/bytebuddy/byte-buddy-agent/1.11.19/byte-buddy-agent-1.11.19.jar:/home/vscode/.m2/repository/org/objenesis/objenesis/3.2/objenesis-3.2.jar:/home/vscode/.m2/repository/org/mockito/mockito-junit-jupiter/4.0.0/mockito-junit-jupiter-4.0.0.jar:/home/vscode/.m2/repository/org/skyscreamer/jsonassert/1.5.0/jsonassert-1.5.0.jar:/home/vscode/.m2/repository/com/vaadin/external/google/android-json/0.0.20131108.vaadin1/android-json-0.0.20131108.vaadin1.jar:/home/vscode/.m2/repository/org/springframework/spring-test/5.3.18/spring-test-5.3.18.jar:/home/vscode/.m2/repository/org/xmlunit/xmlunit-core/2.8.4/xmlunit-core-2.8.4.jar:/home/vscode/.m2/repository/org/awaitility/awaitility/4.2.0/awaitility-4.2.0.jar:/home/vscode/.m2/repository/tech/cassandre/trading/bot/cassandre-trading-bot-spring-boot-starter-test/6.0.0/cassandre-trading-bot-spring-boot-starter-test-6.0.0.jar:/home/vscode/.m2/repository/tech/cassandre/trading/bot/cassandre-trading-bot-spring-boot-starter-test-autoconfigure/6.0.0/cassandre-trading-bot-spring-boot-starter-test-autoconfigure-6.0.0.jar:/home/vscode/.m2/repository/org/junit-pioneer/junit-pioneer/1.7.0/junit-pioneer-1.7.0.jar:/home/vscode/.m2/repository/org/junit/platform/junit-platform-launcher/1.8.2/junit-platform-launcher-1.8.2.jar:"/>
    <property name="java.vm.vendor" value="Microsoft"/>
    <property name="sun.arch.data.model" value="64"/>
    <property name="java.vendor.url" value="https://www.microsoft.com"/>
    <property name="os.name" value="Linux"/>
    <property name="java.vm.specification.version" value="17"/>
    <property name="sun.java.launcher" value="SUN_STANDARD"/>
    <property name="user.country" value="US"/>
    <property name="sun.boot.library.path" value="/usr/lib/jvm/msopenjdk-current/lib"/>
    <property name="sun.java.command" value="/workspaces/codespaces-blank_wasteproject/my-bot/target/surefire/surefirebooter16860483700969990837.jar /workspaces/codespaces-blank_wasteproject/my-bot/target/surefire 2023-02-19T18-35-10_146-jvmRun1 surefire2099519149667847175tmp surefire_011643616557102807396tmp"/>
    <property name="jdk.debug" value="release"/>
    <property name="surefire.test.class.path" value="/workspaces/codespaces-blank_wasteproject/my-bot/target/test-classes:/workspaces/codespaces-blank_wasteproject/my-bot/target/classes:/home/vscode/.m2/repository/org/springframework/boot/spring-boot-starter/2.6.6/spring-boot-starter-2.6.6.jar:/home/vscode/.m2/repository/org/springframework/boot/spring-boot/2.6.6/spring-boot-2.6.6.jar:/home/vscode/.m2/repository/org/springframework/spring-context/5.3.18/spring-context-5.3.18.jar:/home/vscode/.m2/repository/org/springframework/spring-aop/5.3.18/spring-aop-5.3.18.jar:/home/vscode/.m2/repository/org/springframework/spring-beans/5.3.18/spring-beans-5.3.18.jar:/home/vscode/.m2/repository/org/springframework/spring-expression/5.3.18/spring-expression-5.3.18.jar:/home/vscode/.m2/repository/org/springframework/boot/spring-boot-autoconfigure/2.6.6/spring-boot-autoconfigure-2.6.6.jar:/home/vscode/.m2/repository/org/springframework/boot/spring-boot-starter-logging/2.6.6/spring-boot-starter-logging-2.6.6.jar:/home/vscode/.m2/repository/ch/qos/logback/logback-classic/1.2.11/logback-classic-1.2.11.jar:/home/vscode/.m2/repository/ch/qos/logback/logback-core/1.2.11/logback-core-1.2.11.jar:/home/vscode/.m2/repository/org/apache/logging/log4j/log4j-to-slf4j/2.17.2/log4j-to-slf4j-2.17.2.jar:/home/vscode/.m2/repository/org/apache/logging/log4j/log4j-api/2.17.2/log4j-api-2.17.2.jar:/home/vscode/.m2/repository/org/slf4j/jul-to-slf4j/1.7.36/jul-to-slf4j-1.7.36.jar:/home/vscode/.m2/repository/jakarta/annotation/jakarta.annotation-api/1.3.5/jakarta.annotation-api-1.3.5.jar:/home/vscode/.m2/repository/org/springframework/spring-core/5.3.18/spring-core-5.3.18.jar:/home/vscode/.m2/repository/org/springframework/spring-jcl/5.3.18/spring-jcl-5.3.18.jar:/home/vscode/.m2/repository/org/yaml/snakeyaml/1.29/snakeyaml-1.29.jar:/home/vscode/.m2/repository/org/hsqldb/hsqldb/2.6.1/hsqldb-2.6.1.jar:/home/vscode/.m2/repository/tech/cassandre/trading/bot/cassandre-trading-bot-spring-boot-starter/6.0.0/cassandre-trading-bot-spring-boot-starter-6.0.0.jar:/home/vscode/.m2/repository/tech/cassandre/trading/bot/cassandre-trading-bot-spring-boot-autoconfigure/6.0.0/cassandre-trading-bot-spring-boot-autoconfigure-6.0.0.jar:/home/vscode/.m2/repository/org/springframework/boot/spring-boot-starter-validation/2.6.6/spring-boot-starter-validation-2.6.6.jar:/home/vscode/.m2/repository/org/apache/tomcat/embed/tomcat-embed-el/9.0.60/tomcat-embed-el-9.0.60.jar:/home/vscode/.m2/repository/org/hibernate/validator/hibernate-validator/6.2.3.Final/hibernate-validator-6.2.3.Final.jar:/home/vscode/.m2/repository/jakarta/validation/jakarta.validation-api/2.0.2/jakarta.validation-api-2.0.2.jar:/home/vscode/.m2/repository/org/jboss/logging/jboss-logging/3.4.1.Final/jboss-logging-3.4.1.Final.jar:/home/vscode/.m2/repository/com/fasterxml/classmate/1.5.1/classmate-1.5.1.jar:/home/vscode/.m2/repository/io/projectreactor/reactor-core/3.3.22.RELEASE/reactor-core-3.3.22.RELEASE.jar:/home/vscode/.m2/repository/org/reactivestreams/reactive-streams/1.0.3/reactive-streams-1.0.3.jar:/home/vscode/.m2/repository/org/springframework/boot/spring-boot-starter-aop/2.6.6/spring-boot-starter-aop-2.6.6.jar:/home/vscode/.m2/repository/org/aspectj/aspectjweaver/1.9.7/aspectjweaver-1.9.7.jar:/home/vscode/.m2/repository/org/springframework/boot/spring-boot-starter-data-jpa/2.6.6/spring-boot-starter-data-jpa-2.6.6.jar:/home/vscode/.m2/repository/org/springframework/boot/spring-boot-starter-jdbc/2.6.6/spring-boot-starter-jdbc-2.6.6.jar:/home/vscode/.m2/repository/com/zaxxer/HikariCP/4.0.3/HikariCP-4.0.3.jar:/home/vscode/.m2/repository/org/springframework/spring-jdbc/5.3.18/spring-jdbc-5.3.18.jar:/home/vscode/.m2/repository/jakarta/transaction/jakarta.transaction-api/1.3.3/jakarta.transaction-api-1.3.3.jar:/home/vscode/.m2/repository/jakarta/persistence/jakarta.persistence-api/2.2.3/jakarta.persistence-api-2.2.3.jar:/home/vscode/.m2/repository/org/hibernate/hibernate-core/5.6.7.Final/hibernate-core-5.6.7.Final.jar:/home/vscode/.m2/repository/antlr/antlr/2.7.7/antlr-2.7.7.jar:/home/vscode/.m2/repository/org/jboss/jandex/2.4.2.Final/jandex-2.4.2.Final.jar:/home/vscode/.m2/repository/org/hibernate/common/hibernate-commons-annotations/5.1.2.Final/hibernate-commons-annotations-5.1.2.Final.jar:/home/vscode/.m2/repository/org/glassfish/jaxb/jaxb-runtime/2.3.1/jaxb-runtime-2.3.1.jar:/home/vscode/.m2/repository/org/glassfish/jaxb/txw2/2.3.1/txw2-2.3.1.jar:/home/vscode/.m2/repository/com/sun/istack/istack-commons-runtime/3.0.7/istack-commons-runtime-3.0.7.jar:/home/vscode/.m2/repository/org/jvnet/staxex/stax-ex/1.8/stax-ex-1.8.jar:/home/vscode/.m2/repository/com/sun/xml/fastinfoset/FastInfoset/1.2.15/FastInfoset-1.2.15.jar:/home/vscode/.m2/repository/org/springframework/data/spring-data-jpa/2.6.3/spring-data-jpa-2.6.3.jar:/home/vscode/.m2/repository/org/springframework/data/spring-data-commons/2.6.3/spring-data-commons-2.6.3.jar:/home/vscode/.m2/repository/org/springframework/spring-orm/5.3.17/spring-orm-5.3.17.jar:/home/vscode/.m2/repository/org/springframework/spring-tx/5.3.17/spring-tx-5.3.17.jar:/home/vscode/.m2/repository/org/springframework/spring-aspects/5.3.18/spring-aspects-5.3.18.jar:/home/vscode/.m2/repository/org/liquibase/liquibase-core/4.9.1/liquibase-core-4.9.1.jar:/home/vscode/.m2/repository/javax/xml/bind/jaxb-api/2.3.0/jaxb-api-2.3.0.jar:/home/vscode/.m2/repository/com/github/vladimir-bukhtoyarov/bucket4j-core/7.4.0/bucket4j-core-7.4.0.jar:/home/vscode/.m2/repository/org/mapstruct/mapstruct/1.4.2.Final/mapstruct-1.4.2.Final.jar:/home/vscode/.m2/repository/com/fasterxml/jackson/dataformat/jackson-dataformat-xml/2.12.6/jackson-dataformat-xml-2.12.6.jar:/home/vscode/.m2/repository/com/fasterxml/jackson/core/jackson-core/2.12.6/jackson-core-2.12.6.jar:/home/vscode/.m2/repository/com/fasterxml/jackson/core/jackson-annotations/2.12.6/jackson-annotations-2.12.6.jar:/home/vscode/.m2/repository/com/fasterxml/jackson/core/jackson-databind/2.12.6/jackson-databind-2.12.6.jar:/home/vscode/.m2/repository/com/fasterxml/jackson/module/jackson-module-jaxb-annotations/2.12.6/jackson-module-jaxb-annotations-2.12.6.jar:/home/vscode/.m2/repository/org/codehaus/woodstox/stax2-api/4.2.1/stax2-api-4.2.1.jar:/home/vscode/.m2/repository/com/fasterxml/woodstox/woodstox-core/6.2.4/woodstox-core-6.2.4.jar:/home/vscode/.m2/repository/com/opencsv/opencsv/5.6/opencsv-5.6.jar:/home/vscode/.m2/repository/org/apache/commons/commons-text/1.9/commons-text-1.9.jar:/home/vscode/.m2/repository/commons-beanutils/commons-beanutils/1.9.4/commons-beanutils-1.9.4.jar:/home/vscode/.m2/repository/commons-logging/commons-logging/1.2/commons-logging-1.2.jar:/home/vscode/.m2/repository/commons-collections/commons-collections/3.2.2/commons-collections-3.2.2.jar:/home/vscode/.m2/repository/org/apache/commons/commons-collections4/4.4/commons-collections4-4.4.jar:/home/vscode/.m2/repository/org/knowm/xchange/xchange-kucoin/5.0.13/xchange-kucoin-5.0.13.jar:/home/vscode/.m2/repository/org/knowm/xchange/xchange-core/5.0.13/xchange-core-5.0.13.jar:/home/vscode/.m2/repository/com/github/mmazi/rescu/2.1.0/rescu-2.1.0.jar:/home/vscode/.m2/repository/jakarta/ws/rs/jakarta.ws.rs-api/2.1.5/jakarta.ws.rs-api-2.1.5.jar:/home/vscode/.m2/repository/oauth/signpost/signpost-core/1.2.1.2/signpost-core-1.2.1.2.jar:/home/vscode/.m2/repository/org/apache/commons/commons-lang3/3.12.0/commons-lang3-3.12.0.jar:/home/vscode/.m2/repository/io/github/resilience4j/resilience4j-all/1.7.0/resilience4j-all-1.7.0.jar:/home/vscode/.m2/repository/io/vavr/vavr/0.10.2/vavr-0.10.2.jar:/home/vscode/.m2/repository/io/vavr/vavr-match/0.10.2/vavr-match-0.10.2.jar:/home/vscode/.m2/repository/io/github/resilience4j/resilience4j-ratelimiter/1.7.0/resilience4j-ratelimiter-1.7.0.jar:/home/vscode/.m2/repository/io/github/resilience4j/resilience4j-core/1.7.0/resilience4j-core-1.7.0.jar:/home/vscode/.m2/repository/io/github/resilience4j/resilience4j-circuitbreaker/1.7.0/resilience4j-circuitbreaker-1.7.0.jar:/home/vscode/.m2/repository/io/github/resilience4j/resilience4j-bulkhead/1.7.0/resilience4j-bulkhead-1.7.0.jar:/home/vscode/.m2/repository/io/github/resilience4j/resilience4j-retry/1.7.0/resilience4j-retry-1.7.0.jar:/home/vscode/.m2/repository/io/github/resilience4j/resilience4j-cache/1.7.0/resilience4j-cache-1.7.0.jar:/home/vscode/.m2/repository/javax/cache/cache-api/1.1.0/cache-api-1.1.0.jar:/home/vscode/.m2/repository/io/github/resilience4j/resilience4j-timelimiter/1.7.0/resilience4j-timelimiter-1.7.0.jar:/home/vscode/.m2/repository/com/google/guava/guava/31.0.1-jre/guava-31.0.1-jre.jar:/home/vscode/.m2/repository/com/google/guava/failureaccess/1.0.1/failureaccess-1.0.1.jar:/home/vscode/.m2/repository/com/google/guava/listenablefuture/9999.0-empty-to-avoid-conflict-with-guava/listenablefuture-9999.0-empty-to-avoid-conflict-with-guava.jar:/home/vscode/.m2/repository/com/google/code/findbugs/jsr305/3.0.2/jsr305-3.0.2.jar:/home/vscode/.m2/repository/org/checkerframework/checker-qual/3.12.0/checker-qual-3.12.0.jar:/home/vscode/.m2/repository/com/google/errorprone/error_prone_annotations/2.7.1/error_prone_annotations-2.7.1.jar:/home/vscode/.m2/repository/com/google/j2objc/j2objc-annotations/1.3/j2objc-annotations-1.3.jar:/home/vscode/.m2/repository/org/slf4j/slf4j-api/1.7.33/slf4j-api-1.7.33.jar:/home/vscode/.m2/repository/javax/annotation/javax.annotation-api/1.3.2/javax.annotation-api-1.3.2.jar:/home/vscode/.m2/repository/org/knowm/xchange/xchange-simulated/5.0.13/xchange-simulated-5.0.13.jar:/home/vscode/.m2/repository/tech/cassandre/trading/bot/cassandre-trading-bot-spring-boot-starter-api-graphql/6.0.0/cassandre-trading-bot-spring-boot-starter-api-graphql-6.0.0.jar:/home/vscode/.m2/repository/tech/cassandre/trading/bot/cassandre-trading-bot-spring-boot-starter-api-graphql-autoconfigure/6.0.0/cassandre-trading-bot-spring-boot-starter-api-graphql-autoconfigure-6.0.0.jar:/home/vscode/.m2/repository/org/springframework/boot/spring-boot-starter-security/2.6.6/spring-boot-starter-security-2.6.6.jar:/home/vscode/.m2/repository/org/springframework/security/spring-security-config/5.6.2/spring-security-config-5.6.2.jar:/home/vscode/.m2/repository/org/springframework/security/spring-security-core/5.6.2/spring-security-core-5.6.2.jar:/home/vscode/.m2/repository/org/springframework/security/spring-security-crypto/5.6.2/spring-security-crypto-5.6.2.jar:/home/vscode/.m2/repository/org/springframework/security/spring-security-web/5.6.2/spring-security-web-5.6.2.jar:/home/vscode/.m2/repository/org/springframework/boot/spring-boot-starter-web/2.6.6/spring-boot-starter-web-2.6.6.jar:/home/vscode/.m2/repository/org/springframework/boot/spring-boot-starter-json/2.6.6/spring-boot-starter-json-2.6.6.jar:/home/vscode/.m2/repository/org/springframework/boot/spring-boot-starter-tomcat/2.6.6/spring-boot-starter-tomcat-2.6.6.jar:/home/vscode/.m2/repository/org/apache/tomcat/embed/tomcat-embed-core/9.0.60/tomcat-embed-core-9.0.60.jar:/home/vscode/.m2/repository/org/apache/tomcat/embed/tomcat-embed-websocket/9.0.60/tomcat-embed-websocket-9.0.60.jar:/home/vscode/.m2/repository/org/springframework/spring-web/5.3.18/spring-web-5.3.18.jar:/home/vscode/.m2/repository/org/springframework/spring-webmvc/5.3.18/spring-webmvc-5.3.18.jar:/home/vscode/.m2/repository/com/netflix/graphql/dgs/graphql-dgs-spring-boot-starter/4.9.25/graphql-dgs-spring-boot-starter-4.9.25.jar:/home/vscode/.m2/repository/com/netflix/graphql/dgs/graphql-dgs-spring-boot-oss-autoconfigure/4.9.25/graphql-dgs-spring-boot-oss-autoconfigure-4.9.25.jar:/home/vscode/.m2/repository/com/netflix/graphql/dgs/graphql-dgs-spring-webmvc/4.9.25/graphql-dgs-spring-webmvc-4.9.25.jar:/home/vscode/.m2/repository/com/netflix/graphql/dgs/graphql-dgs-spring-webmvc-autoconfigure/4.9.25/graphql-dgs-spring-webmvc-autoconfigure-4.9.25.jar:/home/vscode/.m2/repository/jakarta/servlet/jakarta.servlet-api/4.0.4/jakarta.servlet-api-4.0.4.jar:/home/vscode/.m2/repository/com/netflix/graphql/dgs/graphql-error-types/4.9.25/graphql-error-types-4.9.25.jar:/home/vscode/.m2/repository/org/jetbrains/kotlin/kotlin-stdlib-jdk8/1.5.32/kotlin-stdlib-jdk8-1.5.32.jar:/home/vscode/.m2/repository/org/jetbrains/kotlin/kotlin-stdlib/1.5.32/kotlin-stdlib-1.5.32.jar:/home/vscode/.m2/repository/org/jetbrains/annotations/13.0/annotations-13.0.jar:/home/vscode/.m2/repository/org/jetbrains/kotlin/kotlin-stdlib-common/1.5.32/kotlin-stdlib-common-1.5.32.jar:/home/vscode/.m2/repository/org/jetbrains/kotlin/kotlin-stdlib-jdk7/1.5.32/kotlin-stdlib-jdk7-1.5.32.jar:/home/vscode/.m2/repository/org/springframework/boot/spring-boot-starter-websocket/2.3.12.RELEASE/spring-boot-starter-websocket-2.3.12.RELEASE.jar:/home/vscode/.m2/repository/org/springframework/spring-messaging/5.2.15.RELEASE/spring-messaging-5.2.15.RELEASE.jar:/home/vscode/.m2/repository/org/springframework/spring-websocket/5.2.15.RELEASE/spring-websocket-5.2.15.RELEASE.jar:/home/vscode/.m2/repository/com/netflix/graphql/dgs/graphql-dgs-client/4.9.25/graphql-dgs-client-4.9.25.jar:/home/vscode/.m2/repository/com/netflix/graphql/dgs/graphql-dgs-subscription-types/4.9.25/graphql-dgs-subscription-types-4.9.25.jar:/home/vscode/.m2/repository/org/springframework/spring-webflux/5.2.18.RELEASE/spring-webflux-5.2.18.RELEASE.jar:/home/vscode/.m2/repository/com/fasterxml/jackson/module/jackson-module-kotlin/2.12.5/jackson-module-kotlin-2.12.5.jar:/home/vscode/.m2/repository/org/jetbrains/kotlin/kotlin-reflect/1.4.21/kotlin-reflect-1.4.21.jar:/home/vscode/.m2/repository/com/fasterxml/jackson/datatype/jackson-datatype-jsr310/2.12.5/jackson-datatype-jsr310-2.12.5.jar:/home/vscode/.m2/repository/com/fasterxml/jackson/module/jackson-module-parameter-names/2.12.5/jackson-module-parameter-names-2.12.5.jar:/home/vscode/.m2/repository/com/fasterxml/jackson/datatype/jackson-datatype-jdk8/2.12.5/jackson-datatype-jdk8-2.12.5.jar:/home/vscode/.m2/repository/com/graphql-java/graphql-java/17.3/graphql-java-17.3.jar:/home/vscode/.m2/repository/com/graphql-java/java-dataloader/3.1.0/java-dataloader-3.1.0.jar:/home/vscode/.m2/repository/org/antlr/antlr4-runtime/4.9.2/antlr4-runtime-4.9.2.jar:/home/vscode/.m2/repository/com/netflix/graphql/dgs/graphql-dgs-mocking/4.9.25/graphql-dgs-mocking-4.9.25.jar:/home/vscode/.m2/repository/com/github/javafaker/javafaker/1.0.2/javafaker-1.0.2.jar:/home/vscode/.m2/repository/com/github/mifmif/generex/1.0.2/generex-1.0.2.jar:/home/vscode/.m2/repository/dk/brics/automaton/automaton/1.11-8/automaton-1.11-8.jar:/home/vscode/.m2/repository/com/apollographql/federation/federation-graphql-java-support/0.7.0/federation-graphql-java-support-0.7.0.jar:/home/vscode/.m2/repository/com/apollographql/federation/federation-graphql-java-support-api/0.7.0/federation-graphql-java-support-api-0.7.0.jar:/home/vscode/.m2/repository/com/google/protobuf/protobuf-java/3.9.0/protobuf-java-3.9.0.jar:/home/vscode/.m2/repository/com/netflix/graphql/dgs/graphql-dgs-extended-scalars/4.9.25/graphql-dgs-extended-scalars-4.9.25.jar:/home/vscode/.m2/repository/com/netflix/graphql/dgs/graphql-dgs/4.9.25/graphql-dgs-4.9.25.jar:/home/vscode/.m2/repository/org/jetbrains/kotlinx/kotlinx-coroutines-core/1.3.8/kotlinx-coroutines-core-1.3.8.jar:/home/vscode/.m2/repository/org/jetbrains/kotlinx/kotlinx-coroutines-jdk8/1.3.8/kotlinx-coroutines-jdk8-1.3.8.jar:/home/vscode/.m2/repository/com/graphql-java/graphql-java-extended-scalars/17.0/graphql-java-extended-scalars-17.0.jar:/home/vscode/.m2/repository/org/springframework/boot/spring-boot-starter-test/2.6.6/spring-boot-starter-test-2.6.6.jar:/home/vscode/.m2/repository/org/springframework/boot/spring-boot-test/2.6.6/spring-boot-test-2.6.6.jar:/home/vscode/.m2/repository/org/springframework/boot/spring-boot-test-autoconfigure/2.6.6/spring-boot-test-autoconfigure-2.6.6.jar:/home/vscode/.m2/repository/com/jayway/jsonpath/json-path/2.6.0/json-path-2.6.0.jar:/home/vscode/.m2/repository/net/minidev/json-smart/2.4.7/json-smart-2.4.7.jar:/home/vscode/.m2/repository/net/minidev/accessors-smart/2.4.7/accessors-smart-2.4.7.jar:/home/vscode/.m2/repository/org/ow2/asm/asm/9.1/asm-9.1.jar:/home/vscode/.m2/repository/jakarta/xml/bind/jakarta.xml.bind-api/2.3.3/jakarta.xml.bind-api-2.3.3.jar:/home/vscode/.m2/repository/jakarta/activation/jakarta.activation-api/1.2.2/jakarta.activation-api-1.2.2.jar:/home/vscode/.m2/repository/org/assertj/assertj-core/3.21.0/assertj-core-3.21.0.jar:/home/vscode/.m2/repository/org/hamcrest/hamcrest/2.2/hamcrest-2.2.jar:/home/vscode/.m2/repository/org/junit/jupiter/junit-jupiter/5.8.2/junit-jupiter-5.8.2.jar:/home/vscode/.m2/repository/org/junit/jupiter/junit-jupiter-api/5.8.2/junit-jupiter-api-5.8.2.jar:/home/vscode/.m2/repository/org/opentest4j/opentest4j/1.2.0/opentest4j-1.2.0.jar:/home/vscode/.m2/repository/org/junit/platform/junit-platform-commons/1.8.2/junit-platform-commons-1.8.2.jar:/home/vscode/.m2/repository/org/apiguardian/apiguardian-api/1.1.2/apiguardian-api-1.1.2.jar:/home/vscode/.m2/repository/org/junit/jupiter/junit-jupiter-params/5.8.2/junit-jupiter-params-5.8.2.jar:/home/vscode/.m2/repository/org/junit/jupiter/junit-jupiter-engine/5.8.2/junit-jupiter-engine-5.8.2.jar:/home/vscode/.m2/repository/org/junit/platform/junit-platform-engine/1.8.2/junit-platform-engine-1.8.2.jar:/home/vscode/.m2/repository/org/mockito/mockito-core/4.0.0/mockito-core-4.0.0.jar:/home/vscode/.m2/repository/net/bytebuddy/byte-buddy/1.11.19/byte-buddy-1.11.19.jar:/home/vscode/.m2/repository/net/bytebuddy/byte-buddy-agent/1.11.19/byte-buddy-agent-1.11.19.jar:/home/vscode/.m2/repository/org/objenesis/objenesis/3.2/objenesis-3.2.jar:/home/vscode/.m2/repository/org/mockito/mockito-junit-jupiter/4.0.0/mockito-junit-jupiter-4.0.0.jar:/home/vscode/.m2/repository/org/skyscreamer/jsonassert/1.5.0/jsonassert-1.5.0.jar:/home/vscode/.m2/repository/com/vaadin/external/google/android-json/0.0.20131108.vaadin1/android-json-0.0.20131108.vaadin1.jar:/home/vscode/.m2/repository/org/springframework/spring-test/5.3.18/spring-test-5.3.18.jar:/home/vscode/.m2/repository/org/xmlunit/xmlunit-core/2.8.4/xmlunit-core-2.8.4.jar:/home/vscode/.m2/repository/org/awaitility/awaitility/4.2.0/awaitility-4.2.0.jar:/home/vscode/.m2/repository/tech/cassandre/trading/bot/cassandre-trading-bot-spring-boot-starter-test/6.0.0/cassandre-trading-bot-spring-boot-starter-test-6.0.0.jar:/home/vscode/.m2/repository/tech/cassandre/trading/bot/cassandre-trading-bot-spring-boot-starter-test-autoconfigure/6.0.0/cassandre-trading-bot-spring-boot-starter-test-autoconfigure-6.0.0.jar:/home/vscode/.m2/repository/org/junit-pioneer/junit-pioneer/1.7.0/junit-pioneer-1.7.0.jar:/home/vscode/.m2/repository/org/junit/platform/junit-platform-launcher/1.8.2/junit-platform-launcher-1.8.2.jar:"/>
    <property name="sun.cpu.endian" value="little"/>
    <property name="user.home" value="/home/vscode"/>
    <property name="user.language" value="en"/>
    <property name="java.specification.vendor" value="Oracle Corporation"/>
    <property name="java.version.date" value="2023-01-17"/>
    <property name="java.home" value="/usr/lib/jvm/msopenjdk-current"/>
    <property name="file.separator" value="/"/>
    <property name="basedir" value="/workspaces/codespaces-blank_wasteproject/my-bot"/>
    <property name="java.vm.compressedOopsMode" value="32-bit"/>
    <property name="line.separator" value="&#10;"/>
    <property name="java.vm.specification.vendor" value="Oracle Corporation"/>
    <property name="java.specification.name" value="Java Platform API Specification"/>
    <property name="surefire.real.class.path" value="/workspaces/codespaces-blank_wasteproject/my-bot/target/surefire/surefirebooter16860483700969990837.jar"/>
    <property name="sun.management.compiler" value="HotSpot 64-Bit Tiered Compilers"/>
    <property name="java.runtime.version" value="17.0.6+10-LTS"/>
    <property name="user.name" value="vscode"/>
    <property name="path.separator" value=":"/>
    <property name="os.version" value="5.4.0-1103-azure"/>
    <property name="java.runtime.name" value="OpenJDK Runtime Environment"/>
    <property name="file.encoding" value="UTF-8"/>
    <property name="java.vm.name" value="OpenJDK 64-Bit Server VM"/>
    <property name="java.vendor.version" value="Microsoft-7209853"/>
    <property name="localRepository" value="/home/vscode/.m2/repository"/>
    <property name="java.vendor.url.bug" value="https://github.com/microsoft/openjdk/issues"/>
    <property name="java.io.tmpdir" value="/tmp"/>
    <property name="java.version" value="17.0.6"/>
    <property name="user.dir" value="/workspaces/codespaces-blank_wasteproject/my-bot"/>
    <property name="os.arch" value="amd64"/>
    <property name="java.vm.specification.name" value="Java Virtual Machine Specification"/>
    <property name="native.encoding" value="UTF-8"/>
    <property name="java.library.path" value="/usr/java/packages/lib:/usr/lib64:/lib64:/lib:/usr/lib"/>
    <property name="java.vm.info" value="mixed mode, sharing"/>
    <property name="java.vendor" value="Microsoft"/>
    <property name="java.vm.version" value="17.0.6+10-LTS"/>
    <property name="sun.io.unicode.encoding" value="UnicodeLittle"/>
    <property name="java.class.version" value="61.0"/>
  </properties>
  <testcase name="checkStrategy" classname="com.example.SimpleStrategyTest" time="1.98"/>
</testsuite>